Sat Apr 25 14:48:19 EEST 2015 : Apache Derby Network Server - 10.10.2.0 - (1582446) started and ready to accept connections on port 1527
----------------------------------------------------------------
Sat Apr 25 14:48:25 EEST 2015:
Booting Derby version The Apache Software Foundation - Apache Derby - 10.10.2.0 - (1582446): instance a816c00e-014c-f068-2434-fffff802710f 
on database directory /Users/carleqladios/Dropbox/SEProject/DVDRentals/.netbeans-derby/DVDStoreDB with class loader sun.misc.Launcher$AppClassLoader@78308db1 
Loaded from file:/Applications/NetBeans/glassfish-4.1/javadb/lib/derby.jar
java.vendor=Oracle Corporation
java.runtime.version=1.8.0_40-b25
user.dir=/Applications/NetBeans/glassfish-4.1/javadb
os.name=Mac OS X
os.arch=x86_64
os.version=10.10.2
derby.system.home=/Users/carleqladios/Dropbox/SEProject/DVDRentals/.netbeans-derby
Database Class Loader started - derby.database.classpath=''
----------------------------------------------------------------
Sat Apr 25 18:56:58 EEST 2015: Shutting down Derby engine
----------------------------------------------------------------
Sat Apr 25 18:56:58 EEST 2015:
Shutting down instance a816c00e-014c-f068-2434-fffff802710f on database directory /Users/carleqladios/Dropbox/SEProject/DVDRentals/.netbeans-derby/DVDStoreDB with class loader sun.misc.Launcher$AppClassLoader@78308db1 
----------------------------------------------------------------
